android/app/build/intermediates/manifest_merge_blame_file/debug/manifest-merger-blame-debug-report.txt
1<?xml version="1.0" encoding="utf-8"?>
2<manifest xmlns:android="http://schemas.android.com/apk/res/android"
3    package="com.wivapp"
4    android:versionCode="108"
5    android:versionName="2.0.4" >
6
7    <uses-sdk
8        android:minSdkVersion="24"
8-->src/main/AndroidManifest.xml
9        android:targetSdkVersion="29" />
9-->src/main/AndroidManifest.xml
10
11    <uses-permission android:name="android.permission.INTERNET" />
11-->src/main/AndroidManifest.xml:5:5-67
11-->src/main/AndroidManifest.xml:5:22-64
12    <uses-permission android:name="android.permission.READ_EXTERNAL_STORAGE" />
12-->src/main/AndroidManifest.xml:6:5-79
12-->src/main/AndroidManifest.xml:6:22-77
13
14    <uses-feature
14-->src/main/AndroidManifest.xml:7:5-85
15        android:name="android.hardware.camera"
15-->src/main/AndroidManifest.xml:7:19-57
16        android:required="false" />
16-->src/main/AndroidManifest.xml:7:58-82
17    <uses-feature
17-->src/main/AndroidManifest.xml:8:5-91
18        android:name="android.hardware.camera.front"
18-->src/main/AndroidManifest.xml:8:19-63
19        android:required="false" />
19-->src/main/AndroidManifest.xml:8:64-88
20
21    <uses-permission android:name="android.permission.SYSTEM_ALERT_WINDOW" />
21-->src/main/AndroidManifest.xml:9:5-78
21-->src/main/AndroidManifest.xml:9:22-75
22    <uses-permission android:name="android.permission.CAMERA" />
22-->src/main/AndroidManifest.xml:10:5-65
22-->src/main/AndroidManifest.xml:10:22-62
23    <uses-permission android:name="android.permission.VIBRATE" />
23-->src/main/AndroidManifest.xml:11:5-66
23-->src/main/AndroidManifest.xml:11:22-63
24    <uses-permission android:name="android.permission.READ_EXTERNAL_STORAGE" />
24-->src/main/AndroidManifest.xml:6:5-79
24-->src/main/AndroidManifest.xml:6:22-77
25    <uses-permission android:name="android.permission.WRITE_EXTERNAL_STORAGE" />
25-->src/main/AndroidManifest.xml:13:5-81
25-->src/main/AndroidManifest.xml:13:22-78
26
27    <uses-feature
27-->src/main/AndroidManifest.xml:7:5-85
28        android:name="android.hardware.camera"
28-->src/main/AndroidManifest.xml:7:19-57
29        android:required="false" />
29-->src/main/AndroidManifest.xml:7:58-82
30    <uses-feature
30-->src/main/AndroidManifest.xml:8:5-91
31        android:name="android.hardware.camera.front"
31-->src/main/AndroidManifest.xml:8:19-63
32        android:required="false" />
32-->src/main/AndroidManifest.xml:8:64-88
33
34    <queries>
34-->src/main/AndroidManifest.xml:71:2-77:12
35        <intent>
35-->src/main/AndroidManifest.xml:72:1-76:10
36            <action android:name="android.intent.action.VIEW" />
36-->src/main/AndroidManifest.xml:45:17-69
36-->src/main/AndroidManifest.xml:45:25-66
37            <!-- If you don't know the MIME type in advance, set "mimeType" to "*/*". -->
38            <data android:mimeType="application/pdf" />
38-->src/main/AndroidManifest.xml:48:17-78
38-->src/main/AndroidManifest.xml:58:23-52
39        </intent>
40        <intent>
40-->[:react-native-image-crop-picker] AndroidManifest.xml:10:9-12:18
41            <action android:name="android.media.action.IMAGE_CAPTURE" />
41-->[:react-native-image-crop-picker] AndroidManifest.xml:11:13-73
41-->[:react-native-image-crop-picker] AndroidManifest.xml:11:21-70
42        </intent>
43    </queries>
44
45    <uses-permission android:name="android.permission.ACCESS_WIFI_STATE" />
45-->[com.facebook.flipper:flipper:0.99.0] AndroidManifest.xml:16:5-76
45-->[com.facebook.flipper:flipper:0.99.0] AndroidManifest.xml:16:22-73
46    <uses-permission android:name="android.permission.WRITE_CALENDAR" />
46-->[:react-native-calendar-events] AndroidManifest.xml:9:5-73
46-->[:react-native-calendar-events] AndroidManifest.xml:9:22-70
47    <uses-permission android:name="android.permission.READ_CALENDAR" /> <!-- Required to access Google Play Licensing -->
47-->[:react-native-calendar-events] AndroidManifest.xml:10:5-72
47-->[:react-native-calendar-events] AndroidManifest.xml:10:22-69
48    <uses-permission android:name="com.android.vending.CHECK_LICENSE" />
48-->[:rn-fetch-blob] AndroidManifest.xml:10:5-73
48-->[:rn-fetch-blob] AndroidManifest.xml:10:22-70
49    <!--
50         Required to keep CPU alive while downloading files
51        (NOT to keep screen awake)
52    -->
53    <uses-permission android:name="android.permission.WAKE_LOCK" />
53-->[:rn-fetch-blob] AndroidManifest.xml:19:5-68
53-->[:rn-fetch-blob] AndroidManifest.xml:19:22-65
54    <!--
55         Required to poll the state of the network connection
56        and respond to changes
57    -->
58    <uses-permission android:name="android.permission.ACCESS_NETWORK_STATE" /> <!-- Required by older versions of Google Play services to create IID tokens -->
58-->[:rn-fetch-blob] AndroidManifest.xml:25:5-79
58-->[:rn-fetch-blob] AndroidManifest.xml:25:22-76
59    <uses-permission android:name="com.google.android.c2dm.permission.RECEIVE" />
59-->[com.google.firebase:firebase-iid:21.1.0] AndroidManifest.xml:26:5-82
59-->[com.google.firebase:firebase-iid:21.1.0] AndroidManifest.xml:26:22-79
60
61    <permission
61-->[com.pusher:push-notifications-android:1.6.2] AndroidManifest.xml:11:5-13:47
62        android:name="com.wivapp.permission.C2D_MESSAGE"
62-->[com.pusher:push-notifications-android:1.6.2] AndroidManifest.xml:12:9-63
63        android:protectionLevel="signature" />
63-->[com.pusher:push-notifications-android:1.6.2] AndroidManifest.xml:13:9-44
64
65    <uses-permission android:name="com.wivapp.permission.C2D_MESSAGE" />
65-->[com.pusher:push-notifications-android:1.6.2] AndroidManifest.xml:15:5-79
65-->[com.pusher:push-notifications-android:1.6.2] AndroidManifest.xml:15:22-76
66    <uses-permission android:name="com.google.android.gms.permission.AD_ID" />
66-->[com.google.android.gms:play-services-measurement-api:20.1.1] AndroidManifest.xml:25:5-79
66-->[com.google.android.gms:play-services-measurement-api:20.1.1] AndroidManifest.xml:25:22-76
67    <uses-permission android:name="com.google.android.finsky.permission.BIND_GET_INSTALL_REFERRER_SERVICE" />
67-->[com.google.android.gms:play-services-measurement:20.1.1] AndroidManifest.xml:26:5-110
67-->[com.google.android.gms:play-services-measurement:20.1.1] AndroidManifest.xml:26:22-107
68
69    <application
69-->src/main/AndroidManifest.xml:23:5-70:19
70        android:name="com.wivapp.MainApplication"
70-->src/main/AndroidManifest.xml:24:9-50
71        android:allowBackup="false"
71-->src/main/AndroidManifest.xml:25:9-36
72        android:appComponentFactory="androidx.core.app.CoreComponentFactory"
72-->[androidx.core:core:1.5.0] AndroidManifest.xml:24:18-86
73        android:debuggable="true"
74        android:extractNativeLibs="false"
75        android:fullBackupContent="@xml/backup_rules"
75-->[com.pusher:push-notifications-android:1.6.2] AndroidManifest.xml:18:18-63
76        android:icon="@mipmap/ic_launcher"
76-->src/main/AndroidManifest.xml:28:9-43
77        android:label="@string/app_name"
77-->src/main/AndroidManifest.xml:30:9-41
78        android:roundIcon="@mipmap/ic_launcher_round"
78-->src/main/AndroidManifest.xml:29:9-54
79        android:supportsRtl="true"
79-->src/main/AndroidManifest.xml:26:9-35
80        android:testOnly="true"
81        android:theme="@style/AppTheme"
81-->src/main/AndroidManifest.xml:32:9-40
82        android:usesCleartextTraffic="true" >
82-->src/main/AndroidManifest.xml:27:9-44
83
84        <!-- <meta-data android:name="com.onesignal.BadgeCount" android:value="DISABLE" /> -->
85
86        <activity
86-->src/main/AndroidManifest.xml:35:9-61:20
87            android:name="com.wivapp.MainActivity"
87-->src/main/AndroidManifest.xml:36:13-51
88            android:configChanges="keyboard|keyboardHidden|orientation|screenSize|uiMode|layoutDirection|locale"
88-->src/main/AndroidManifest.xml:38:13-113
89            android:focusable="false"
89-->src/main/AndroidManifest.xml:37:13-38
90            android:launchMode="singleTask"
90-->src/main/AndroidManifest.xml:39:13-44
91            android:screenOrientation="portrait"
91-->src/main/AndroidManifest.xml:41:13-49
92            android:windowSoftInputMode="adjustPan" >
92-->src/main/AndroidManifest.xml:40:13-52
93
94            <!-- Branch App Links -->
95            <intent-filter android:autoVerify="true" >
95-->src/main/AndroidManifest.xml:44:13-50:29
95-->src/main/AndroidManifest.xml:44:28-53
96                <action android:name="android.intent.action.VIEW" />
96-->src/main/AndroidManifest.xml:45:17-69
96-->src/main/AndroidManifest.xml:45:25-66
97
98                <category android:name="android.intent.category.DEFAULT" />
98-->src/main/AndroidManifest.xml:46:17-76
98-->src/main/AndroidManifest.xml:46:27-73
99                <category android:name="android.intent.category.BROWSABLE" />
99-->src/main/AndroidManifest.xml:47:17-78
99-->src/main/AndroidManifest.xml:47:27-75
100
101                <data
101-->src/main/AndroidManifest.xml:48:17-78
102                    android:host="app.d.wiv.club"
102-->src/main/AndroidManifest.xml:48:46-75
103                    android:scheme="https" />
103-->src/main/AndroidManifest.xml:48:23-45
104                <data
104-->src/main/AndroidManifest.xml:48:17-78
105                    android:host="app.wiv.club"
105-->src/main/AndroidManifest.xml:48:46-75
106                    android:scheme="https" />
106-->src/main/AndroidManifest.xml:48:23-45
107            </intent-filter>
108            <intent-filter>
108-->src/main/AndroidManifest.xml:51:13-54:29
109                <action android:name="android.intent.action.MAIN" />
109-->src/main/AndroidManifest.xml:52:17-69
109-->src/main/AndroidManifest.xml:52:25-66
110
111                <category android:name="android.intent.category.LAUNCHER" />
111-->src/main/AndroidManifest.xml:53:17-77
111-->src/main/AndroidManifest.xml:53:27-74
112            </intent-filter>
113            <intent-filter>
113-->src/main/AndroidManifest.xml:55:13-60:29
114                <action android:name="android.intent.action.SEND" />
114-->src/main/AndroidManifest.xml:56:17-69
114-->src/main/AndroidManifest.xml:56:25-66
115
116                <category android:name="android.intent.category.DEFAULT" />
116-->src/main/AndroidManifest.xml:46:17-76
116-->src/main/AndroidManifest.xml:46:27-73
117
118                <data android:mimeType="text/plain" />
118-->src/main/AndroidManifest.xml:48:17-78
118-->src/main/AndroidManifest.xml:58:23-52
119                <data android:mimeType="image/*" />
119-->src/main/AndroidManifest.xml:48:17-78
119-->src/main/AndroidManifest.xml:58:23-52
120            </intent-filter>
121        </activity>
122
123        <service
123-->src/main/AndroidManifest.xml:62:10-69:17
124            android:name="com.mixpanel.android.mpmetrics.MixpanelFCMMessagingService"
124-->src/main/AndroidManifest.xml:63:13-86
125            android:enabled="true"
125-->src/main/AndroidManifest.xml:64:13-35
126            android:exported="false" >
126-->src/main/AndroidManifest.xml:65:13-37
127            <intent-filter>
127-->src/main/AndroidManifest.xml:66:13-68:29
128                <action android:name="com.google.firebase.MESSAGING_EVENT" />
128-->src/main/AndroidManifest.xml:67:18-78
128-->src/main/AndroidManifest.xml:67:26-76
129            </intent-filter>
130        </service>
131        <!-- A proxy-service that gives the library an opportunity to do some work before launching/resuming the actual application task. -->
132        <service android:name="com.wix.reactnativenotifications.core.ProxyService" />
132-->[:react-native-notifications] AndroidManifest.xml:12:9-86
132-->[:react-native-notifications] AndroidManifest.xml:12:18-83
133        <service android:name="com.wix.reactnativenotifications.fcm.FcmInstanceIdListenerService" >
133-->[:react-native-notifications] AndroidManifest.xml:13:9-18:19
133-->[:react-native-notifications] AndroidManifest.xml:13:18-98
134            <intent-filter>
134-->[:react-native-notifications] AndroidManifest.xml:14:13-17:29
135                <action android:name="com.google.firebase.MESSAGING_EVENT" />
135-->src/main/AndroidManifest.xml:67:18-78
135-->src/main/AndroidManifest.xml:67:26-76
136                <action android:name="com.google.firebase.INSTANCE_ID_EVENT" />
136-->[:react-native-notifications] AndroidManifest.xml:16:17-80
136-->[:react-native-notifications] AndroidManifest.xml:16:25-77
137            </intent-filter>
138        </service>
139        <service
139-->[:react-native-notifications] AndroidManifest.xml:19:9-22:72
140            android:name="com.wix.reactnativenotifications.fcm.FcmInstanceIdRefreshHandlerService"
140-->[:react-native-notifications] AndroidManifest.xml:20:13-99
141            android:exported="false"
141-->[:react-native-notifications] AndroidManifest.xml:21:13-37
142            android:permission="android.permission.BIND_JOB_SERVICE" />
142-->[:react-native-notifications] AndroidManifest.xml:22:13-69
143
144        <provider
144-->[:react-native-image-crop-picker] AndroidManifest.xml:18:9-26:20
145            android:name="androidx.core.content.FileProvider"
145-->[:react-native-image-crop-picker] AndroidManifest.xml:19:13-62
146            android:authorities="com.wivapp.provider"
146-->[:react-native-image-crop-picker] AndroidManifest.xml:20:13-60
147            android:exported="false"
147-->[:react-native-image-crop-picker] AndroidManifest.xml:21:13-37
148            android:grantUriPermissions="true" >
148-->[:react-native-image-crop-picker] AndroidManifest.xml:22:13-47
149            <meta-data
149-->[:react-native-image-crop-picker] AndroidManifest.xml:23:13-25:58
150                android:name="android.support.FILE_PROVIDER_PATHS"
150-->[:react-native-image-crop-picker] AndroidManifest.xml:24:17-67
151                android:resource="@xml/provider_paths" />
151-->[:react-native-image-crop-picker] AndroidManifest.xml:25:17-55
152        </provider>
153
154        <activity
154-->[:react-native-image-crop-picker] AndroidManifest.xml:28:9-30:72
155            android:name="com.yalantis.ucrop.UCropActivity"
155-->[:react-native-image-crop-picker] AndroidManifest.xml:29:13-60
156            android:theme="@style/Theme.AppCompat.Light.NoActionBar" />
156-->[:react-native-image-crop-picker] AndroidManifest.xml:30:13-69
157
158        <provider
158-->[:react-native-image-picker] AndroidManifest.xml:10:9-18:20
159            android:name="com.imagepicker.ImagePickerProvider"
159-->[:react-native-image-picker] AndroidManifest.xml:11:13-63
160            android:authorities="com.wivapp.imagepickerprovider"
160-->[:react-native-image-picker] AndroidManifest.xml:12:13-71
161            android:exported="false"
161-->[:react-native-image-picker] AndroidManifest.xml:13:13-37
162            android:grantUriPermissions="true" >
162-->[:react-native-image-picker] AndroidManifest.xml:14:13-47
163            <meta-data
163-->[:react-native-image-crop-picker] AndroidManifest.xml:23:13-25:58
164                android:name="android.support.FILE_PROVIDER_PATHS"
164-->[:react-native-image-crop-picker] AndroidManifest.xml:24:17-67
165                android:resource="@xml/imagepicker_provider_paths" />
165-->[:react-native-image-crop-picker] AndroidManifest.xml:25:17-55
166        </provider>
167        <provider
167-->[:react-native-share] AndroidManifest.xml:10:9-18:20
168            android:name="cl.json.RNShareFileProvider"
168-->[:react-native-share] AndroidManifest.xml:11:13-55
169            android:authorities="com.wivapp.rnshare.fileprovider"
169-->[:react-native-share] AndroidManifest.xml:12:13-72
170            android:exported="false"
170-->[:react-native-share] AndroidManifest.xml:13:13-37
171            android:grantUriPermissions="true" >
171-->[:react-native-share] AndroidManifest.xml:14:13-47
172            <meta-data
172-->[:react-native-image-crop-picker] AndroidManifest.xml:23:13-25:58
173                android:name="android.support.FILE_PROVIDER_PATHS"
173-->[:react-native-image-crop-picker] AndroidManifest.xml:24:17-67
174                android:resource="@xml/share_download_paths" />
174-->[:react-native-image-crop-picker] AndroidManifest.xml:25:17-55
175        </provider>
176        <provider
176-->[:react-native-webview] AndroidManifest.xml:10:9-18:20
177            android:name="com.reactnativecommunity.webview.RNCWebViewFileProvider"
177-->[:react-native-webview] AndroidManifest.xml:11:13-83
178            android:authorities="com.wivapp.fileprovider"
178-->[:react-native-webview] AndroidManifest.xml:12:13-64
179            android:exported="false"
179-->[:react-native-webview] AndroidManifest.xml:13:13-37
180            android:grantUriPermissions="true" >
180-->[:react-native-webview] AndroidManifest.xml:14:13-47
181            <meta-data
181-->[:react-native-image-crop-picker] AndroidManifest.xml:23:13-25:58
182                android:name="android.support.FILE_PROVIDER_PATHS"
182-->[:react-native-image-crop-picker] AndroidManifest.xml:24:17-67
183                android:resource="@xml/file_provider_paths" />
183-->[:react-native-image-crop-picker] AndroidManifest.xml:25:17-55
184        </provider>
185        <provider
185-->[:rn-fetch-blob] AndroidManifest.xml:34:9-42:20
186            android:name="com.RNFetchBlob.Utils.FileProvider"
186-->[:rn-fetch-blob] AndroidManifest.xml:35:13-62
187            android:authorities="com.wivapp.provider"
187-->[:rn-fetch-blob] AndroidManifest.xml:36:13-60
188            android:exported="false"
188-->[:rn-fetch-blob] AndroidManifest.xml:37:13-37
189            android:grantUriPermissions="true" >
189-->[:rn-fetch-blob] AndroidManifest.xml:38:13-47
190            <meta-data
190-->[:react-native-image-crop-picker] AndroidManifest.xml:23:13-25:58
191                android:name="android.support.FILE_PROVIDER_PATHS"
191-->[:react-native-image-crop-picker] AndroidManifest.xml:24:17-67
192                android:resource="@xml/provider_paths" />
192-->[:react-native-image-crop-picker] AndroidManifest.xml:25:17-55
193        </provider>
194
195        <service
195-->[com.google.firebase:firebase-iid:21.1.0] AndroidManifest.xml:29:9-35:19
196            android:name="com.google.firebase.components.ComponentDiscoveryService"
196-->[com.google.firebase:firebase-iid:21.1.0] AndroidManifest.xml:30:13-84
197            android:directBootAware="true"
197-->[com.google.firebase:firebase-common:20.1.0] AndroidManifest.xml:35:13-43
198            android:exported="false" >
198-->[com.google.firebase:firebase-iid:21.1.0] AndroidManifest.xml:31:13-37
199            <meta-data
199-->[com.google.firebase:firebase-iid:21.1.0] AndroidManifest.xml:32:13-34:85
200                android:name="com.google.firebase.components:com.google.firebase.iid.Registrar"
200-->[com.google.firebase:firebase-iid:21.1.0] AndroidManifest.xml:33:17-96
201                android:value="com.google.firebase.components.ComponentRegistrar" />
201-->[com.google.firebase:firebase-iid:21.1.0] AndroidManifest.xml:34:17-82
202            <meta-data
202-->[com.google.firebase:firebase-messaging:23.0.2] AndroidManifest.xml:55:13-57:85
203                android:name="com.google.firebase.components:com.google.firebase.messaging.FirebaseMessagingRegistrar"
203-->[com.google.firebase:firebase-messaging:23.0.2] AndroidManifest.xml:56:17-119
204                android:value="com.google.firebase.components.ComponentRegistrar" />
204-->[com.google.firebase:firebase-messaging:23.0.2] AndroidManifest.xml:57:17-82
205            <meta-data
205-->[com.google.firebase:firebase-datatransport:18.1.1] AndroidManifest.xml:28:13-30:85
206                android:name="com.google.firebase.components:com.google.firebase.datatransport.TransportRegistrar"
206-->[com.google.firebase:firebase-datatransport:18.1.1] AndroidManifest.xml:29:17-115
207                android:value="com.google.firebase.components.ComponentRegistrar" />
207-->[com.google.firebase:firebase-datatransport:18.1.1] AndroidManifest.xml:30:17-82
208            <meta-data
208-->[com.google.android.gms:play-services-measurement-api:20.1.1] AndroidManifest.xml:31:13-33:85
209                android:name="com.google.firebase.components:com.google.firebase.analytics.connector.internal.AnalyticsConnectorRegistrar"
209-->[com.google.android.gms:play-services-measurement-api:20.1.1] AndroidManifest.xml:32:17-139
210                android:value="com.google.firebase.components.ComponentRegistrar" />
210-->[com.google.android.gms:play-services-measurement-api:20.1.1] AndroidManifest.xml:33:17-82
211            <meta-data
211-->[com.google.firebase:firebase-installations:17.0.1] AndroidManifest.xml:18:13-20:85
212                android:name="com.google.firebase.components:com.google.firebase.installations.FirebaseInstallationsRegistrar"
212-->[com.google.firebase:firebase-installations:17.0.1] AndroidManifest.xml:19:17-127
213                android:value="com.google.firebase.components.ComponentRegistrar" />
213-->[com.google.firebase:firebase-installations:17.0.1] AndroidManifest.xml:20:17-82
214        </service>
215
216        <receiver
216-->[com.pusher:push-notifications-android:1.6.2] AndroidManifest.xml:19:9-28:20
217            android:name="com.pusher.pushnotifications.reporting.FCMMessageReceiver"
217-->[com.pusher:push-notifications-android:1.6.2] AndroidManifest.xml:20:13-85
218            android:exported="true"
218-->[com.pusher:push-notifications-android:1.6.2] AndroidManifest.xml:21:13-36
219            android:permission="com.google.android.c2dm.permission.SEND" >
219-->[com.pusher:push-notifications-android:1.6.2] AndroidManifest.xml:22:13-73
220            <intent-filter>
220-->[com.pusher:push-notifications-android:1.6.2] AndroidManifest.xml:23:13-27:29
221                <action android:name="com.google.android.c2dm.intent.RECEIVE" />
221-->[com.pusher:push-notifications-android:1.6.2] AndroidManifest.xml:24:17-81
221-->[com.pusher:push-notifications-android:1.6.2] AndroidManifest.xml:24:25-78
222
223                <category android:name="com.wivapp" />
223-->[com.pusher:push-notifications-android:1.6.2] AndroidManifest.xml:26:17-61
223-->[com.pusher:push-notifications-android:1.6.2] AndroidManifest.xml:26:27-58
224            </intent-filter>
225        </receiver>
226
227        <service
227-->[com.pusher:push-notifications-android:1.6.2] AndroidManifest.xml:30:9-37:19
228            android:name="com.pusher.pushnotifications.reporting.ReportingJobService"
228-->[com.pusher:push-notifications-android:1.6.2] AndroidManifest.xml:31:13-86
229            android:exported="true"
229-->[com.pusher:push-notifications-android:1.6.2] AndroidManifest.xml:32:13-36
230            android:permission="android.permission.BIND_JOB_SERVICE" >
230-->[com.pusher:push-notifications-android:1.6.2] AndroidManifest.xml:33:13-69
231            <intent-filter>
231-->[com.pusher:push-notifications-android:1.6.2] AndroidManifest.xml:34:13-36:29
232                <action android:name="com.firebase.jobdispatcher.ACTION_EXECUTE" />
232-->[com.pusher:push-notifications-android:1.6.2] AndroidManifest.xml:35:17-84
232-->[com.pusher:push-notifications-android:1.6.2] AndroidManifest.xml:35:25-81
233            </intent-filter>
234        </service>
235        <service android:name="com.pusher.pushnotifications.fcm.EmptyMessagingService" >
235-->[com.pusher:push-notifications-android:1.6.2] AndroidManifest.xml:38:9-42:19
235-->[com.pusher:push-notifications-android:1.6.2] AndroidManifest.xml:38:18-87
236            <intent-filter android:priority="1" >
236-->src/main/AndroidManifest.xml:66:13-68:29
237                <action android:name="com.google.firebase.MESSAGING_EVENT" />
237-->src/main/AndroidManifest.xml:67:18-78
237-->src/main/AndroidManifest.xml:67:26-76
238            </intent-filter>
239        </service>
240
241        <provider
241-->[com.pusher:push-notifications-android:1.6.2] AndroidManifest.xml:44:9-48:38
242            android:name="com.pusher.pushnotifications.internal.PushNotificationsInitProvider"
242-->[com.pusher:push-notifications-android:1.6.2] AndroidManifest.xml:45:13-95
243            android:authorities="com.wivapp.pushnotificationsinitprovider"
243-->[com.pusher:push-notifications-android:1.6.2] AndroidManifest.xml:46:13-81
244            android:exported="false"
244-->[com.pusher:push-notifications-android:1.6.2] AndroidManifest.xml:47:13-37
245            android:initOrder="99" />
245-->[com.pusher:push-notifications-android:1.6.2] AndroidManifest.xml:48:13-35
246
247        <activity android:name="com.pusher.pushnotifications.reporting.OpenNotificationActivity" >
247-->[com.pusher:push-notifications-android:1.6.2] AndroidManifest.xml:50:9-56:20
247-->[com.pusher:push-notifications-android:1.6.2] AndroidManifest.xml:50:19-97
248            <intent-filter>
248-->[com.pusher:push-notifications-android:1.6.2] AndroidManifest.xml:51:13-55:29
249                <action android:name="com.pusher.pushnotifications.OPEN_TRACKING" />
249-->[com.pusher:push-notifications-android:1.6.2] AndroidManifest.xml:52:17-85
249-->[com.pusher:push-notifications-android:1.6.2] AndroidManifest.xml:52:25-82
250
251                <category android:name="android.intent.category.DEFAULT" />
251-->src/main/AndroidManifest.xml:46:17-76
251-->src/main/AndroidManifest.xml:46:27-73
252            </intent-filter>
253        </activity>
254
255        <receiver
255-->[com.google.firebase:firebase-messaging:23.0.2] AndroidManifest.xml:31:9-38:20
256            android:name="com.google.firebase.iid.FirebaseInstanceIdReceiver"
256-->[com.google.firebase:firebase-messaging:23.0.2] AndroidManifest.xml:32:13-78
257            android:exported="true"
257-->[com.google.firebase:firebase-messaging:23.0.2] AndroidManifest.xml:33:13-36
258            android:permission="com.google.android.c2dm.permission.SEND" >
258-->[com.google.firebase:firebase-messaging:23.0.2] AndroidManifest.xml:34:13-73
259            <intent-filter>
259-->[com.google.firebase:firebase-messaging:23.0.2] AndroidManifest.xml:35:13-37:29
260                <action android:name="com.google.android.c2dm.intent.RECEIVE" />
260-->[com.pusher:push-notifications-android:1.6.2] AndroidManifest.xml:24:17-81
260-->[com.pusher:push-notifications-android:1.6.2] AndroidManifest.xml:24:25-78
261            </intent-filter>
262        </receiver>
263        <!--
264             FirebaseMessagingService performs security checks at runtime,
265             but set to not exported to explicitly avoid allowing another app to call it.
266        -->
267        <service
267-->[com.google.firebase:firebase-messaging:23.0.2] AndroidManifest.xml:44:9-51:19
268            android:name="com.google.firebase.messaging.FirebaseMessagingService"
268-->[com.google.firebase:firebase-messaging:23.0.2] AndroidManifest.xml:45:13-82
269            android:directBootAware="true"
269-->[com.google.firebase:firebase-messaging:23.0.2] AndroidManifest.xml:46:13-43
270            android:exported="false" >
270-->[com.google.firebase:firebase-messaging:23.0.2] AndroidManifest.xml:47:13-37
271            <intent-filter android:priority="-500" >
271-->src/main/AndroidManifest.xml:66:13-68:29
272                <action android:name="com.google.firebase.MESSAGING_EVENT" />
272-->src/main/AndroidManifest.xml:67:18-78
272-->src/main/AndroidManifest.xml:67:26-76
273            </intent-filter>
274        </service>
275
276        <meta-data
276-->[com.github.bumptech.glide:okhttp3-integration:4.12.0] AndroidManifest.xml:11:9-13:43
277            android:name="com.bumptech.glide.integration.okhttp3.OkHttpGlideModule"
277-->[com.github.bumptech.glide:okhttp3-integration:4.12.0] AndroidManifest.xml:12:13-84
278            android:value="GlideModule" />
278-->[com.github.bumptech.glide:okhttp3-integration:4.12.0] AndroidManifest.xml:13:13-40
279
280        <service
280-->[com.google.android.datatransport:transport-backend-cct:3.1.2] AndroidManifest.xml:29:9-35:19
281            android:name="com.google.android.datatransport.runtime.backends.TransportBackendDiscovery"
281-->[com.google.android.datatransport:transport-backend-cct:3.1.2] AndroidManifest.xml:30:13-103
282            android:exported="false" >
282-->[com.google.android.datatransport:transport-backend-cct:3.1.2] AndroidManifest.xml:31:13-37
283            <meta-data
283-->[com.google.android.datatransport:transport-backend-cct:3.1.2] AndroidManifest.xml:32:13-34:39
284                android:name="backend:com.google.android.datatransport.cct.CctBackendFactory"
284-->[com.google.android.datatransport:transport-backend-cct:3.1.2] AndroidManifest.xml:33:17-94
285                android:value="cct" />
285-->[com.google.android.datatransport:transport-backend-cct:3.1.2] AndroidManifest.xml:34:17-36
286        </service>
287        <service
287-->[com.google.android.datatransport:transport-runtime:3.1.2] AndroidManifest.xml:26:9-30:19
288            android:name="com.google.android.datatransport.runtime.scheduling.jobscheduling.JobInfoSchedulerService"
288-->[com.google.android.datatransport:transport-runtime:3.1.2] AndroidManifest.xml:27:13-117
289            android:exported="false"
289-->[com.google.android.datatransport:transport-runtime:3.1.2] AndroidManifest.xml:28:13-37
290            android:permission="android.permission.BIND_JOB_SERVICE" >
290-->[com.google.android.datatransport:transport-runtime:3.1.2] AndroidManifest.xml:29:13-69
291        </service>
292
293        <receiver
293-->[com.google.android.datatransport:transport-runtime:3.1.2] AndroidManifest.xml:32:9-34:40
294            android:name="com.google.android.datatransport.runtime.scheduling.jobscheduling.AlarmManagerSchedulerBroadcastReceiver"
294-->[com.google.android.datatransport:transport-runtime:3.1.2] AndroidManifest.xml:33:13-132
295            android:exported="false" />
295-->[com.google.android.datatransport:transport-runtime:3.1.2] AndroidManifest.xml:34:13-37
296
297        <provider
297-->[com.google.firebase:firebase-common:20.1.0] AndroidManifest.xml:26:9-31:39